Arguments: 
  /usr/bin/node /home/felix/.yarn/bin/yarn.js add bull @types/bull

PATH: 
  /home/felix/.yarn/bin:/home/felix/.config/yarn/global/node_modules/.bin:/home/felix/anaconda3/bin:/home/felix/anaconda3/condabin:/home/felix/.local/bin:/usr/local/sbin:/usr/local/bin:/usr/sbin:/usr/bin:/sbin:/bin:/usr/games:/usr/local/games:/snap/bin:/home/felix/android-sdk/tools/bin/tools:/usr/lib/jvm/java-8-openjdk-amd64/jre//bin

Yarn version: 
  1.22.15

Node version: 
  16.13.2

Platform: 
  linux x64

Trace: 
  Error: getaddrinfo EAI_AGAIN registry.yarnpkg.com
      at GetAddrInfoReqWrap.onlookup [as oncomplete] (node:dns:71:26)

npm manifest: 
  {
    "name": "expiration",
    "version": "1.0.0",
    "main": "index.ts",
    "license": "MIT",
    "scripts": {
      "start": "ts-node-dev src/index.ts",
      "test": "jest --watchAll --no-cache"
    },
    "jest": {
      "preset": "ts-jest",
      "testEnvironment": "node",
      "setupFilesAfterEnv": [
        "./src/test/setup.ts"
      ]
    },
    "dependencies": {
      "@fphtickets/common": "^1.0.13",
      "node-nats-streaming": "^0.3.2",
      "ts-node-dev": "^1.1.8",
      "typescript": "^4.5.2"
    },
    "devDependencies": {
      "@types/jest": "^27.0.3",
      "jest": "^27.4.4",
      "ts-jest": "^27.1.1"
    }
  }

yarn manifest: 
  No manifest

Lockfile: 
  No lockfile
